  3.cpp
  CRect.cpp
C:\Users\7_1\Desktop\수강생\이다혜\Project2\3.cpp(63,2): error C2679: 이항 '>>': 오른쪽 피연산자로 'CRect' 형식을 사용하는 연산자가 없거나 허용되는 변환이 없습니다.
      C:\Program Files\Microsoft Visual Studio\2022\Community\VC\Tools\MSVC\14.41.34120\include\istream(303,39):
      'std::basic_istream<char,std::char_traits<char>> &std::basic_istream<char,std::char_traits<char>>::operator >>(std::basic_streambuf<char,std::char_traits<char>> *)'일 수 있습니다.
          C:\Users\7_1\Desktop\수강생\이다혜\Project2\3.cpp(63,2):
          'std::basic_istream<char,std::char_traits<char>> &std::basic_istream<char,std::char_traits<char>>::operator >>(std::basic_streambuf<char,std::char_traits<char>> *)': 인수 2을(를) 'CRect'에서 'std::basic_streambuf<char,std::char_traits<char>> *'(으)로 변환할 수 없습니다.
              C:\Users\7_1\Desktop\수강생\이다혜\Project2\3.cpp(63,9):
              이 변환을 수행할 수 있는 사용 가능한 사용자 정의 변환 연산자가 없거나 연산자를 호출할 수 없습니다.
      C:\Program Files\Microsoft Visual Studio\2022\Community\VC\Tools\MSVC\14.41.34120\include\istream(299,39):
      또는       'std::basic_istream<char,std::char_traits<char>> &std::basic_istream<char,std::char_traits<char>>::operator >>(void *&)'
          C:\Users\7_1\Desktop\수강생\이다혜\Project2\3.cpp(63,2):
          'std::basic_istream<char,std::char_traits<char>> &std::basic_istream<char,std::char_traits<char>>::operator >>(void *&)': 인수 2을(를) 'CRect'에서 'void *&'(으)로 변환할 수 없습니다.
      C:\Program Files\Microsoft Visual Studio\2022\Community\VC\Tools\MSVC\14.41.34120\include\istream(295,39):
      또는       'std::basic_istream<char,std::char_traits<char>> &std::basic_istream<char,std::char_traits<char>>::operator >>(long double &)'
          C:\Users\7_1\Desktop\수강생\이다혜\Project2\3.cpp(63,2):
          'std::basic_istream<char,std::char_traits<char>> &std::basic_istream<char,std::char_traits<char>>::operator >>(long double &)': 인수 2을(를) 'CRect'에서 'long double &'(으)로 변환할 수 없습니다.
      C:\Program Files\Microsoft Visual Studio\2022\Community\VC\Tools\MSVC\14.41.34120\include\istream(291,39):
      또는       'std::basic_istream<char,std::char_traits<char>> &std::basic_istream<char,std::char_traits<char>>::operator >>(double &)'
          C:\Users\7_1\Desktop\수강생\이다혜\Project2\3.cpp(63,2):
          'std::basic_istream<char,std::char_traits<char>> &std::basic_istream<char,std::char_traits<char>>::operator >>(double &)': 인수 2을(를) 'CRect'에서 'double &'(으)로 변환할 수 없습니다.
      C:\Program Files\Microsoft Visual Studio\2022\Community\VC\Tools\MSVC\14.41.34120\include\istream(287,39):
      또는       'std::basic_istream<char,std::char_traits<char>> &std::basic_istream<char,std::char_traits<char>>::operator >>(float &)'
          C:\Users\7_1\Desktop\수강생\이다혜\Project2\3.cpp(63,2):
          'std::basic_istream<char,std::char_traits<char>> &std::basic_istream<char,std::char_traits<char>>::operator >>(float &)': 인수 2을(를) 'CRect'에서 'float &'(으)로 변환할 수 없습니다.
      C:\Program Files\Microsoft Visual Studio\2022\Community\VC\Tools\MSVC\14.41.34120\include\istream(283,39):
      또는       'std::basic_istream<char,std::char_traits<char>> &std::basic_istream<char,std::char_traits<char>>::operator >>(unsigned __int64 &)'
          C:\Users\7_1\Desktop\수강생\이다혜\Project2\3.cpp(63,2):
          'std::basic_istream<char,std::char_traits<char>> &std::basic_istream<char,std::char_traits<char>>::operator >>(unsigned __int64 &)': 인수 2을(를) 'CRect'에서 'unsigned __int64 &'(으)로 변환할 수 없습니다.
      C:\Program Files\Microsoft Visual Studio\2022\Community\VC\Tools\MSVC\14.41.34120\include\istream(279,39):
      또는       'std::basic_istream<char,std::char_traits<char>> &std::basic_istream<char,std::char_traits<char>>::operator >>(__int64 &)'
          C:\Users\7_1\Desktop\수강생\이다혜\Project2\3.cpp(63,2):
          'std::basic_istream<char,std::char_traits<char>> &std::basic_istream<char,std::char_traits<char>>::operator >>(__int64 &)': 인수 2을(를) 'CRect'에서 '__int64 &'(으)로 변환할 수 없습니다.
      C:\Program Files\Microsoft Visual Studio\2022\Community\VC\Tools\MSVC\14.41.34120\include\istream(275,39):
      또는       'std::basic_istream<char,std::char_traits<char>> &std::basic_istream<char,std::char_traits<char>>::operator >>(unsigned long &)'
          C:\Users\7_1\Desktop\수강생\이다혜\Project2\3.cpp(63,2):
          'std::basic_istream<char,std::char_traits<char>> &std::basic_istream<char,std::char_traits<char>>::operator >>(unsigned long &)': 인수 2을(를) 'CRect'에서 'unsigned long &'(으)로 변환할 수 없습니다.
      C:\Program Files\Microsoft Visual Studio\2022\Community\VC\Tools\MSVC\14.41.34120\include\istream(271,39):
      또는       'std::basic_istream<char,std::char_traits<char>> &std::basic_istream<char,std::char_traits<char>>::operator >>(long &)'
          C:\Users\7_1\Desktop\수강생\이다혜\Project2\3.cpp(63,2):
          'std::basic_istream<char,std::char_traits<char>> &std::basic_istream<char,std::char_traits<char>>::operator >>(long &)': 인수 2을(를) 'CRect'에서 'long &'(으)로 변환할 수 없습니다.
      C:\Program Files\Microsoft Visual Studio\2022\Community\VC\Tools\MSVC\14.41.34120\include\istream(267,39):
      또는       'std::basic_istream<char,std::char_traits<char>> &std::basic_istream<char,std::char_traits<char>>::operator >>(unsigned int &)'
          C:\Users\7_1\Desktop\수강생\이다혜\Project2\3.cpp(63,2):
          'std::basic_istream<char,std::char_traits<char>> &std::basic_istream<char,std::char_traits<char>>::operator >>(unsigned int &)': 인수 2을(를) 'CRect'에서 'unsigned int &'(으)로 변환할 수 없습니다.
      C:\Program Files\Microsoft Visual Studio\2022\Community\VC\Tools\MSVC\14.41.34120\include\istream(259,39):
      또는       'std::basic_istream<char,std::char_traits<char>> &std::basic_istream<char,std::char_traits<char>>::operator >>(int &)'
          C:\Users\7_1\Desktop\수강생\이다혜\Project2\3.cpp(63,2):
          'std::basic_istream<char,std::char_traits<char>> &std::basic_istream<char,std::char_traits<char>>::operator >>(int &)': 인수 2을(를) 'CRect'에서 'int &'(으)로 변환할 수 없습니다.
      C:\Program Files\Microsoft Visual Studio\2022\Community\VC\Tools\MSVC\14.41.34120\include\istream(255,39):
      또는       'std::basic_istream<char,std::char_traits<char>> &std::basic_istream<char,std::char_traits<char>>::operator >>(unsigned short &)'
          C:\Users\7_1\Desktop\수강생\이다혜\Project2\3.cpp(63,2):
          'std::basic_istream<char,std::char_traits<char>> &std::basic_istream<char,std::char_traits<char>>::operator >>(unsigned short &)': 인수 2을(를) 'CRect'에서 'unsigned short &'(으)로 변환할 수 없습니다.
      C:\Program Files\Microsoft Visual Studio\2022\Community\VC\Tools\MSVC\14.41.34120\include\istream(223,39):
      또는       'std::basic_istream<char,std::char_traits<char>> &std::basic_istream<char,std::char_traits<char>>::operator >>(short &)'
          C:\Users\7_1\Desktop\수강생\이다혜\Project2\3.cpp(63,2):
          'std::basic_istream<char,std::char_traits<char>> &std::basic_istream<char,std::char_traits<char>>::operator >>(short &)': 인수 2을(를) 'CRect'에서 'short &'(으)로 변환할 수 없습니다.
      C:\Program Files\Microsoft Visual Studio\2022\Community\VC\Tools\MSVC\14.41.34120\include\istream(219,39):
      또는       'std::basic_istream<char,std::char_traits<char>> &std::basic_istream<char,std::char_traits<char>>::operator >>(bool &)'
          C:\Users\7_1\Desktop\수강생\이다혜\Project2\3.cpp(63,2):
          'std::basic_istream<char,std::char_traits<char>> &std::basic_istream<char,std::char_traits<char>>::operator >>(bool &)': 인수 2을(를) 'CRect'에서 'bool &'(으)로 변환할 수 없습니다.
      C:\Program Files\Microsoft Visual Studio\2022\Community\VC\Tools\MSVC\14.41.34120\include\istream(190,39):
      또는       'std::basic_istream<char,std::char_traits<char>> &std::basic_istream<char,std::char_traits<char>>::operator >>(std::ios_base &(__cdecl *)(std::ios_base &))'
          C:\Users\7_1\Desktop\수강생\이다혜\Project2\3.cpp(63,2):
          'std::basic_istream<char,std::char_traits<char>> &std::basic_istream<char,std::char_traits<char>>::operator >>(std::ios_base &(__cdecl *)(std::ios_base &))': 인수 2을(를) 'CRect'에서 'std::ios_base &(__cdecl *)(std::ios_base &)'(으)로 변환할 수 없습니다.
              C:\Users\7_1\Desktop\수강생\이다혜\Project2\3.cpp(63,9):
              이 변환을 수행할 수 있는 사용 가능한 사용자 정의 변환 연산자가 없거나 연산자를 호출할 수 없습니다.
      C:\Program Files\Microsoft Visual Studio\2022\Community\VC\Tools\MSVC\14.41.34120\include\istream(185,39):
      또는       'std::basic_istream<char,std::char_traits<char>> &std::basic_istream<char,std::char_traits<char>>::operator >>(std::basic_ios<char,std::char_traits<char>> &(__cdecl *)(std::basic_ios<char,std::char_traits<char>> &))'
          C:\Users\7_1\Desktop\수강생\이다혜\Project2\3.cpp(63,2):
          'std::basic_istream<char,std::char_traits<char>> &std::basic_istream<char,std::char_traits<char>>::operator >>(std::basic_ios<char,std::char_traits<char>> &(__cdecl *)(std::basic_ios<char,std::char_traits<char>> &))': 인수 2을(를) 'CRect'에서 'std::basic_ios<char,std::char_traits<char>> &(__cdecl *)(std::basic_ios<char,std::char_traits<char>> &)'(으)로 변환할 수 없습니다.
              C:\Users\7_1\Desktop\수강생\이다혜\Project2\3.cpp(63,9):
              이 변환을 수행할 수 있는 사용 가능한 사용자 정의 변환 연산자가 없거나 연산자를 호출할 수 없습니다.
      C:\Program Files\Microsoft Visual Studio\2022\Community\VC\Tools\MSVC\14.41.34120\include\istream(180,39):
      또는       'std::basic_istream<char,std::char_traits<char>> &std::basic_istream<char,std::char_traits<char>>::operator >>(std::basic_istream<char,std::char_traits<char>> &(__cdecl *)(std::basic_istream<char,std::char_traits<char>> &))'
          C:\Users\7_1\Desktop\수강생\이다혜\Project2\3.cpp(63,2):
          'std::basic_istream<char,std::char_traits<char>> &std::basic_istream<char,std::char_traits<char>>::operator >>(std::basic_istream<char,std::char_traits<char>> &(__cdecl *)(std::basic_istream<char,std::char_traits<char>> &))': 인수 2을(를) 'CRect'에서 'std::basic_istream<char,std::char_traits<char>> &(__cdecl *)(std::basic_istream<char,std::char_traits<char>> &)'(으)로 변환할 수 없습니다.
              C:\Users\7_1\Desktop\수강생\이다혜\Project2\3.cpp(63,9):
              이 변환을 수행할 수 있는 사용 가능한 사용자 정의 변환 연산자가 없거나 연산자를 호출할 수 없습니다.
      C:\Program Files\Microsoft Visual Studio\2022\Community\VC\Tools\MSVC\14.41.34120\include\istream(907,9):
      또는       '_Istr &&std::operator >>(_Istr &&,_Ty &&)'
          C:\Users\7_1\Desktop\수강생\이다혜\Project2\3.cpp(63,2):
          '_Istr &&std::operator >>(_Istr &&,_Ty &&)': '__formal'의 템플릿 인수를 추론할 수 없습니다.
              C:\Program Files\Microsoft Visual Studio\2022\Community\VC\Tools\MSVC\14.41.34120\include\istream(906,102):
              '<template-parameter>': 참조에 대한 포인터를 만들 수 없습니다.
      C:\Program Files\Microsoft Visual Studio\2022\Community\VC\Tools\MSVC\14.41.34120\include\istream(894,31):
      또는       'std::basic_istream<char,_Traits> &std::operator >>(std::basic_istream<char,_Traits> &,unsigned char &)'
          C:\Users\7_1\Desktop\수강생\이다혜\Project2\3.cpp(63,9):
          '초기화 중': 'CRect'에서 'unsigned char &'(으)로 변환할 수 없습니다.
      C:\Program Files\Microsoft Visual Studio\2022\Community\VC\Tools\MSVC\14.41.34120\include\istream(888,31):
      또는       'std::basic_istream<char,_Traits> &std::operator >>(std::basic_istream<char,_Traits> &,signed char &)'
          C:\Users\7_1\Desktop\수강생\이다혜\Project2\3.cpp(63,9):
          '초기화 중': 'CRect'에서 'signed char &'(으)로 변환할 수 없습니다.
      C:\Program Files\Microsoft Visual Studio\2022\Community\VC\Tools\MSVC\14.41.34120\include\istream(865,32):
      또는       'std::basic_istream<_Elem,_Traits> &std::operator >>(std::basic_istream<_Elem,_Traits> &,_Elem &)'
          C:\Users\7_1\Desktop\수강생\이다혜\Project2\3.cpp(63,2):
          'std::basic_istream<_Elem,_Traits> &std::operator >>(std::basic_istream<_Elem,_Traits> &,_Elem &)': 템플릿 매개 변수 '_Elem'이(가) 모호합니다.
              C:\Users\7_1\Desktop\수강생\이다혜\Project2\3.cpp(63,2):
              'CRect'일 수 있습니다.
              C:\Users\7_1\Desktop\수강생\이다혜\Project2\3.cpp(63,2):
              또는      'char'
          C:\Users\7_1\Desktop\수강생\이다혜\Project2\3.cpp(63,2):
          'std::basic_istream<_Elem,_Traits> &std::operator >>(std::basic_istream<_Elem,_Traits> &,_Elem &)': 'CRect'에서 '_Elem &'에 대한 템플릿 인수를 추론할 수 없습니다.
      C:\Program Files\Microsoft Visual Studio\2022\Community\VC\Tools\MSVC\14.41.34120\include\istream(859,31):
      또는       'std::basic_istream<char,_Traits> &std::operator >>(std::basic_istream<char,_Traits> &,unsigned char *)'
          C:\Users\7_1\Desktop\수강생\이다혜\Project2\3.cpp(63,9):
          '초기화 중': 'CRect'에서 'unsigned char *'(으)로 변환할 수 없습니다.
              C:\Users\7_1\Desktop\수강생\이다혜\Project2\3.cpp(63,9):
              이 변환을 수행할 수 있는 사용 가능한 사용자 정의 변환 연산자가 없거나 연산자를 호출할 수 없습니다.
      C:\Program Files\Microsoft Visual Studio\2022\Community\VC\Tools\MSVC\14.41.34120\include\istream(854,31):
      또는       'std::basic_istream<char,_Traits> &std::operator >>(std::basic_istream<char,_Traits> &,signed char *)'
          C:\Users\7_1\Desktop\수강생\이다혜\Project2\3.cpp(63,9):
          '초기화 중': 'CRect'에서 'signed char *'(으)로 변환할 수 없습니다.
              C:\Users\7_1\Desktop\수강생\이다혜\Project2\3.cpp(63,9):
              이 변환을 수행할 수 있는 사용 가능한 사용자 정의 변환 연산자가 없거나 연산자를 호출할 수 없습니다.
      C:\Program Files\Microsoft Visual Studio\2022\Community\VC\Tools\MSVC\14.41.34120\include\istream(849,32):
      또는       'std::basic_istream<_Elem,_Traits> &std::operator >>(std::basic_istream<_Elem,_Traits> &,_Elem *)'
          C:\Users\7_1\Desktop\수강생\이다혜\Project2\3.cpp(63,2):
          'std::basic_istream<_Elem,_Traits> &std::operator >>(std::basic_istream<_Elem,_Traits> &,_Elem *)': 'CRect'에서 '_Elem *'에 대한 템플릿 인수를 추론할 수 없습니다.
      C:\Program Files\Microsoft Visual Studio\2022\Community\VC\Tools\MSVC\14.41.34120\include\xstring(3371,32):
      또는       'std::basic_istream<_Elem,_Traits> &std::operator >>(std::basic_istream<_Elem,_Traits> &,std::basic_string<_Elem,_Traits,_Alloc> &)'
          C:\Users\7_1\Desktop\수강생\이다혜\Project2\3.cpp(63,2):
          'std::basic_istream<_Elem,_Traits> &std::operator >>(std::basic_istream<_Elem,_Traits> &,std::basic_string<_Elem,_Traits,_Alloc> &)': 'CRect'에서 'std::basic_string<_Elem,_Traits,_Alloc> &'에 대한 템플릿 인수를 추론할 수 없습니다.
      C:\Users\7_1\Desktop\수강생\이다혜\Project2\3.cpp(63,2):
      인수 목록 '(std::istream, CRect)'을(를) 일치시키는 동안
  
C:\Users\7_1\Desktop\수강생\이다혜\Project2\CRect.cpp(44,1): error C2059: 구문 오류: '}'
C:\Users\7_1\Desktop\수강생\이다혜\Project2\CRect.cpp(43,11): warning C4804: '<': 연산에 'bool' 형식을 사용하는 것은 안전하지 않습니다.
  코드를 생성하고 있습니다...
