c:\users\7_1\desktop\수강생\이다혜\project2\project2\x64\debug\vc143.pdb
c:\users\7_1\desktop\수강생\이다혜\project2\project2\x64\debug\vc143.idb
c:\users\7_1\desktop\수강생\이다혜\project2\project2\x64\debug\시프트연산.obj
c:\users\7_1\desktop\수강생\이다혜\project2\project2\x64\debug\3.obj
c:\users\7_1\desktop\수강생\이다혜\project2\project2\x64\debug\2.obj
c:\users\7_1\desktop\수강생 701\이다혜\project2\project2\x64\debug\vc143.pdb
c:\users\7_1\desktop\수강생 701\이다혜\project2\project2\x64\debug\vc143.idb
c:\users\7_1\desktop\수강생 701\이다혜\project2\project2\x64\debug\시프트연산.obj
c:\users\7_1\desktop\수강생 701\이다혜\project2\project2\x64\debug\2.obj
c:\users\7_1\desktop\수강생 701\이다혜\project2\project2\x64\debug\3.obj
c:\users\7_1\desktop\수강생\이다혜\project2\x64\debug\project2.exe
c:\users\7_1\desktop\수강생\이다혜\project2\x64\debug\project2.pdb
c:\users\7_1\desktop\수강생\이다혜\project2\project2\x64\debug\project2.ilk
c:\users\7_1\desktop\수강생 701\이다혜\project2\project2\x64\debug\project2.ilk
c:\users\7_1\desktop\수강생 701\이다혜\project2\x64\debug\project2.pdb
c:\users\7_1\desktop\수강생 701\이다혜\project2\x64\debug\project2.exe
c:\users\7_1\desktop\수강생 701\이다혜\project2\project2\x64\debug\project2.tlog\cl.command.1.tlog
c:\users\7_1\desktop\수강생 701\이다혜\project2\project2\x64\debug\project2.tlog\cl.items.tlog
c:\users\7_1\desktop\수강생 701\이다혜\project2\project2\x64\debug\project2.tlog\cl.read.1.tlog
c:\users\7_1\desktop\수강생 701\이다혜\project2\project2\x64\debug\project2.tlog\cl.write.1.tlog
c:\users\7_1\desktop\수강생 701\이다혜\project2\project2\x64\debug\project2.tlog\link.command.1.tlog
c:\users\7_1\desktop\수강생 701\이다혜\project2\project2\x64\debug\project2.tlog\link.read.1.tlog
c:\users\7_1\desktop\수강생 701\이다혜\project2\project2\x64\debug\project2.tlog\link.secondary.1.tlog
c:\users\7_1\desktop\수강생 701\이다혜\project2\project2\x64\debug\project2.tlog\link.write.1.tlog
